2015-09-16 17:57:11.945  INFO 30314 --- [hg.asset.HgAssetServiceApplication.main()] hg.asset.HgAssetServiceApplication       : Starting HgAssetServiceApplication on carol-R439 with PID 30314 (/home/carol/CAIXA/hg-asset-service/target/classes started by carol in /home/carol/CAIXA/hg-asset-service)
2015-09-16 17:57:12.021  INFO 30314 --- [hg.asset.HgAssetServiceApplication.main()] ationConfigEmbeddedWebApplicationContext : Refreshing org.springframework.boot.context.embedded.AnnotationConfigEmbeddedWebApplicationContext@6c312f8c: startup date [Wed Sep 16 17:57:12 PHT 2015]; root of context hierarchy
2015-09-16 17:57:13.070  INFO 30314 --- [hg.asset.HgAssetServiceApplication.main()] o.s.b.f.s.DefaultListableBeanFactory     : Overriding bean definition for bean 'beanNameViewResolver': replacing [Root bean: class [null]; scope=; abstract=false; lazyInit=false; autowireMode=3; dependencyCheck=0; autowireCandidate=true; primary=false; factoryBeanName=org.springframework.boot.autoconfigure.web.ErrorMvcAutoConfiguration$WhitelabelErrorViewConfiguration; factoryMethodName=beanNameViewResolver; initMethodName=null; destroyMethodName=(inferred); defined in class path resource [org/springframework/boot/autoconfigure/web/ErrorMvcAutoConfiguration$WhitelabelErrorViewConfiguration.class]] with [Root bean: class [null]; scope=; abstract=false; lazyInit=false; autowireMode=3; dependencyCheck=0; autowireCandidate=true; primary=false; factoryBeanName=org.springframework.boot.autoconfigure.web.WebMvcAutoConfiguration$WebMvcAutoConfigurationAdapter; factoryMethodName=beanNameViewResolver; initMethodName=null; destroyMethodName=(inferred); defined in class path resource [org/springframework/boot/autoconfigure/web/WebMvcAutoConfiguration$WebMvcAutoConfigurationAdapter.class]]
2015-09-16 17:57:14.133  INFO 30314 --- [hg.asset.HgAssetServiceApplication.main()] trationDelegate$BeanPostProcessorChecker : Bean 'org.springframework.transaction.annotation.ProxyTransactionManagementConfiguration' of type [class org.springframework.transaction.annotation.ProxyTransactionManagementConfiguration$$EnhancerBySpringCGLIB$$25dc29fa] is not eligible for getting processed by all BeanPostProcessors (for example: not eligible for auto-proxying)
2015-09-16 17:57:14.159  INFO 30314 --- [hg.asset.HgAssetServiceApplication.main()] trationDelegate$BeanPostProcessorChecker : Bean 'transactionAttributeSource' of type [class org.springframework.transaction.annotation.AnnotationTransactionAttributeSource] is not eligible for getting processed by all BeanPostProcessors (for example: not eligible for auto-proxying)
2015-09-16 17:57:14.180  INFO 30314 --- [hg.asset.HgAssetServiceApplication.main()] trationDelegate$BeanPostProcessorChecker : Bean 'transactionInterceptor' of type [class org.springframework.transaction.interceptor.TransactionInterceptor] is not eligible for getting processed by all BeanPostProcessors (for example: not eligible for auto-proxying)
2015-09-16 17:57:14.185  INFO 30314 --- [hg.asset.HgAssetServiceApplication.main()] trationDelegate$BeanPostProcessorChecker : Bean 'org.springframework.transaction.config.internalTransactionAdvisor' of type [class org.springframework.transaction.interceptor.BeanFactoryTransactionAttributeSourceAdvisor] is not eligible for getting processed by all BeanPostProcessors (for example: not eligible for auto-proxying)
2015-09-16 17:57:14.671  INFO 30314 --- [hg.asset.HgAssetServiceApplication.main()] s.b.c.e.t.TomcatEmbeddedServletContainer : Tomcat initialized with port(s): 8011 (http)
2015-09-16 17:57:15.126  INFO 30314 --- [hg.asset.HgAssetServiceApplication.main()] o.apache.catalina.core.StandardService   : Starting service Tomcat
2015-09-16 17:57:15.127  INFO 30314 --- [hg.asset.HgAssetServiceApplication.main()] org.apache.catalina.core.StandardEngine  : Starting Servlet Engine: Apache Tomcat/8.0.23
2015-09-16 17:57:15.266  INFO 30314 --- [localhost-startStop-1] o.a.c.c.C.[Tomcat].[localhost].[/]       : Initializing Spring embedded WebApplicationContext
2015-09-16 17:57:15.266  INFO 30314 --- [localhost-startStop-1] o.s.web.context.ContextLoader            : Root WebApplicationContext: initialization completed in 3249 ms
2015-09-16 17:57:16.366  INFO 30314 --- [localhost-startStop-1] o.s.b.c.e.ServletRegistrationBean        : Mapping servlet: 'dispatcherServlet' to [/]
2015-09-16 17:57:16.373  INFO 30314 --- [localhost-startStop-1] o.s.b.c.embedded.FilterRegistrationBean  : Mapping filter: 'characterEncodingFilter' to: [/*]
2015-09-16 17:57:16.374  INFO 30314 --- [localhost-startStop-1] o.s.b.c.embedded.FilterRegistrationBean  : Mapping filter: 'hiddenHttpMethodFilter' to: [/*]
2015-09-16 17:57:17.662  INFO 30314 --- [hg.asset.HgAssetServiceApplication.main()] j.LocalContainerEntityManagerFactoryBean : Building JPA container EntityManagerFactory for persistence unit 'default'
2015-09-16 17:57:17.673  INFO 30314 --- [hg.asset.HgAssetServiceApplication.main()] o.hibernate.jpa.internal.util.LogHelper  : HHH000204: Processing PersistenceUnitInfo [
	name: default
	...]
2015-09-16 17:57:17.754  INFO 30314 --- [hg.asset.HgAssetServiceApplication.main()] org.hibernate.Version                    : HHH000412: Hibernate Core {4.3.10.Final}
2015-09-16 17:57:17.755  INFO 30314 --- [hg.asset.HgAssetServiceApplication.main()] org.hibernate.cfg.Environment            : HHH000206: hibernate.properties not found
2015-09-16 17:57:17.757  INFO 30314 --- [hg.asset.HgAssetServiceApplication.main()] org.hibernate.cfg.Environment            : HHH000021: Bytecode provider name : javassist
2015-09-16 17:57:17.912  INFO 30314 --- [hg.asset.HgAssetServiceApplication.main()] o.hibernate.annotations.common.Version   : HCANN000001: Hibernate Commons Annotations {4.0.5.Final}
2015-09-16 17:57:18.051  INFO 30314 --- [hg.asset.HgAssetServiceApplication.main()] org.hibernate.dialect.Dialect            : HHH000400: Using dialect: org.hibernate.dialect.Oracle10gDialect
2015-09-16 17:57:18.166  INFO 30314 --- [hg.asset.HgAssetServiceApplication.main()] o.h.h.i.ast.ASTQueryTranslatorFactory    : HHH000397: Using ASTQueryTranslatorFactory
2015-09-16 17:57:19.115  INFO 30314 --- [hg.asset.HgAssetServiceApplication.main()] s.w.s.m.m.a.RequestMappingHandlerAdapter : Looking for @ControllerAdvice: org.springframework.boot.context.embedded.AnnotationConfigEmbeddedWebApplicationContext@6c312f8c: startup date [Wed Sep 16 17:57:12 PHT 2015]; root of context hierarchy
2015-09-16 17:57:19.247  INFO 30314 --- [hg.asset.HgAssetServiceApplication.main()] s.w.s.m.m.a.RequestMappingHandlerMapping : Mapped "{[/assetRegistrationRequest],methods=[POST]}" onto public org.springframework.http.HttpEntity<?> hg.asset.registration.controller.HgAssetRegistrationController.registerAsset(hg.asset.data.AssetRegistrationRequest)
2015-09-16 17:57:19.248  INFO 30314 --- [hg.asset.HgAssetServiceApplication.main()] s.w.s.m.m.a.RequestMappingHandlerMapping : Mapped "{[/getAssetDetails],methods=[POST]}" onto public org.springframework.http.HttpEntity<?> hg.asset.registration.controller.HgAssetRegistrationController.getAssetDetails(hg.asset.data.AssetDetailRequest) throws hg.asset.exception.NoDataException
2015-09-16 17:57:19.251  INFO 30314 --- [hg.asset.HgAssetServiceApplication.main()] s.w.s.m.m.a.RequestMappingHandlerMapping : Mapped "{[/error],produces=[text/html]}" onto public org.springframework.web.servlet.ModelAndView org.springframework.boot.autoconfigure.web.BasicErrorController.errorHtml(javax.servlet.http.HttpServletRequest)
2015-09-16 17:57:19.251  INFO 30314 --- [hg.asset.HgAssetServiceApplication.main()] s.w.s.m.m.a.RequestMappingHandlerMapping : Mapped "{[/error]}" onto public org.springframework.http.ResponseEntity<java.util.Map<java.lang.String, java.lang.Object>> org.springframework.boot.autoconfigure.web.BasicErrorController.error(javax.servlet.http.HttpServletRequest)
2015-09-16 17:57:19.309  INFO 30314 --- [hg.asset.HgAssetServiceApplication.main()] o.s.w.s.handler.SimpleUrlHandlerMapping  : Mapped URL path [/**] onto handler of type [class org.springframework.web.servlet.resource.ResourceHttpRequestHandler]
2015-09-16 17:57:19.309  INFO 30314 --- [hg.asset.HgAssetServiceApplication.main()] o.s.w.s.handler.SimpleUrlHandlerMapping  : Mapped URL path [/webjars/**] onto handler of type [class org.springframework.web.servlet.resource.ResourceHttpRequestHandler]
2015-09-16 17:57:19.392  INFO 30314 --- [hg.asset.HgAssetServiceApplication.main()] o.s.w.s.handler.SimpleUrlHandlerMapping  : Mapped URL path [/**/favicon.ico] onto handler of type [class org.springframework.web.servlet.resource.ResourceHttpRequestHandler]
2015-09-16 17:57:19.649  INFO 30314 --- [hg.asset.HgAssetServiceApplication.main()] o.s.j.e.a.AnnotationMBeanExporter        : Registering beans for JMX exposure on startup
2015-09-16 17:57:19.775  INFO 30314 --- [hg.asset.HgAssetServiceApplication.main()] s.b.c.e.t.TomcatEmbeddedServletContainer : Tomcat started on port(s): 8011 (http)
2015-09-16 17:57:19.778  INFO 30314 --- [hg.asset.HgAssetServiceApplication.main()] hg.asset.HgAssetServiceApplication       : Started HgAssetServiceApplication in 8.272 seconds (JVM running for 13.736)
2015-09-16 17:57:44.292  INFO 30314 --- [http-nio-8011-exec-1] o.a.c.c.C.[Tomcat].[localhost].[/]       : Initializing Spring FrameworkServlet 'dispatcherServlet'
2015-09-16 17:57:44.292  INFO 30314 --- [http-nio-8011-exec-1] o.s.web.servlet.DispatcherServlet        : FrameworkServlet 'dispatcherServlet': initialization started
2015-09-16 17:57:44.319  INFO 30314 --- [http-nio-8011-exec-1] o.s.web.servlet.DispatcherServlet        : FrameworkServlet 'dispatcherServlet': initialization completed in 26 ms
2015-09-16 17:57:52.856  INFO 30314 --- [Thread-1] ationConfigEmbeddedWebApplicationContext : Closing org.springframework.boot.context.embedded.AnnotationConfigEmbeddedWebApplicationContext@6c312f8c: startup date [Wed Sep 16 17:57:12 PHT 2015]; root of context hierarchy
2015-09-16 17:57:52.863  INFO 30314 --- [Thread-1] o.s.j.e.a.AnnotationMBeanExporter        : Unregistering JMX-exposed beans on shutdown
2015-09-16 17:57:52.873  INFO 30314 --- [Thread-1] j.LocalContainerEntityManagerFactoryBean : Closing JPA EntityManagerFactory for persistence unit 'default'
